[2020.11.29 17:37:30] [ERROR] [ERRNO is 4000] func ShareM(key_t key, size_t size) err, ShareM haved [ShareM.cpp] [16]
[2020.11.29 17:37:30] [ERROR] [ERRNO is 4000] func ShareM(key_t key, size_t size) err, ShareM Creat Err [ShareM.cpp] [19]
[2020.11.29 17:37:30] [ERROR] [ERRNO is 4001] func Get_Connection err, ShareM In Err [ShareM.cpp] [80]
[2020.11.29 18:04:12] [ERROR] [ERRNO is 4000] func ShareM(key_t key) err, ShareM Get Err [ShareM.cpp] [53]
[2020.11.29 18:04:12] [ERROR] [ERRNO is 4001] func Get_Connection err, ShareM In Err [ShareM.cpp] [81]
[2020.11.30 16:41:21] [ERROR] [ERRNO is 5002] func Insert err, ShareM Filled [DealShareM.cpp] [110]
[2020.11.30 16:47:32] [ERROR] [ERRNO is 5002] func Insert err, ShareM Filled [DealShareM.cpp] [110]
[2020.11.30 17:12:14] [ERROR] [ERRNO is 5002] func Insert err, ShareM Filled [DealShareM.cpp] [110]
[2020.12.01 17:15:09] [ERROR] [ERRNO is 5002] func Insert err, ShareM Filled [src/DealShareM.cpp] [110]
[2020.12.02 22:37:11] [ERROR] [ERRNO is 4002] func Disconnect err, ShareM Disconnect Err [src/ShareM.cpp] [98]
[2020.12.04 14:23:48] [ERROR] [ERRNO is -1] func connect_timeout() err [src/TcpSocket.cpp] [66]
[2020.12.04 14:24:42] [ERROR] [ERRNO is -1] func connect_timeout() err [src/TcpSocket.cpp] [66]
[2020.12.06 16:36:07] [ERROR] [ERRNO is -1] func connect_timeout() err [src/TcpSocket.cpp] [66]
[2020.12.06 16:45:12] [ERROR] [ERRNO is -1] func connect_timeout() err [src/TcpSocket.cpp] [66]
[2020.12.06 16:48:38] [ERROR] [ERRNO is -1] func connect_timeout() err [src/TcpSocket.cpp] [66]
[2020.12.08 16:51:47] [ERROR] [ERRNO is -1] func connect_timeout() err [src/TcpSocket.cpp] [66]
[2020.12.08 16:58:51] [ERROR] [ERRNO is 3002] func readtimeout() timeout [src/TcpSocket.cpp] [153]
[2020.12.08 23:03:06] [ERROR] [ERRNO is 3002] func readtimeout() timeout [src/TcpSocket.cpp] [153]
[2020.12.08 23:05:51] [ERROR] [ERRNO is 3002] func readtimeout() timeout [src/TcpSocket.cpp] [153]
[2020.12.08 23:06:09] [ERROR] [ERRNO is 3002] func readtimeout() timeout [src/TcpSocket.cpp] [153]
[2020.12.09 17:57:01] [ERROR] [ERRNO is -1] func readn() err [src/TcpSocket.cpp] [168]
[2020.12.09 18:00:43] [ERROR] [ERRNO is 3002] func readtimeout() timeout [src/TcpSocket.cpp] [153]
[2020.12.09 18:05:11] [ERROR] [ERRNO is 3002] func readtimeout() timeout [src/TcpSocket.cpp] [153]
[2020.12.09 18:06:54] [ERROR] [ERRNO is 3002] func readtimeout() timeout [src/TcpSocket.cpp] [153]
[2020.12.09 18:07:09] [ERROR] [ERRNO is 3002] func readtimeout() timeout [src/TcpSocket.cpp] [153]
[2020.12.09 18:07:19] [ERROR] [ERRNO is 3002] func readtimeout() timeout [src/TcpSocket.cpp] [153]
[2020.12.09 18:07:28] [ERROR] [ERRNO is -1] func connect_timeout() err [src/TcpSocket.cpp] [66]
[2020.12.09 19:17:39] [ERROR] [ERRNO is -1] func connect_timeout() err [src/TcpSocket.cpp] [66]
[2020.12.09 19:33:24] [ERROR] [ERRNO is 3002] func readtimeout() timeout [src/TcpSocket.cpp] [153]
[2020.12.09 19:49:50] [ERROR] [ERRNO is 3002] func readtimeout() timeout [src/TcpSocket.cpp] [153]
[2020.12.09 19:51:23] [ERROR] [ERRNO is 3002] func readtimeout() timeout [src/TcpSocket.cpp] [153]
[2020.12.09 19:56:01] [ERROR] [ERRNO is 3002] func readtimeout() timeout [src/TcpSocket.cpp] [153]
[2020.12.09 20:08:43] [ERROR] [ERRNO is 3002] func readtimeout() timeout [src/TcpSocket.cpp] [153]
[2020.12.09 20:22:01] [ERROR] [ERRNO is 3002] func readtimeout() timeout [src/TcpSocket.cpp] [153]
[2020.12.09 20:27:18] [ERROR] [ERRNO is 3002] func readtimeout() timeout [src/TcpSocket.cpp] [153]
[2020.12.09 20:28:38] [ERROR] [ERRNO is 3002] func readtimeout() timeout [src/TcpSocket.cpp] [153]
[2020.12.09 20:30:27] [ERROR] [ERRNO is 3002] func readtimeout() timeout [src/TcpSocket.cpp] [153]
[2020.12.09 20:32:01] [ERROR] [ERRNO is 3002] func readtimeout() timeout [src/TcpSocket.cpp] [153]
[2020.12.09 20:36:33] [ERROR] [ERRNO is 3002] func readtimeout() timeout [src/TcpSocket.cpp] [153]
[2020.12.09 20:39:01] [ERROR] [ERRNO is 3002] func readtimeout() timeout [src/TcpSocket.cpp] [153]
[2020.12.09 20:40:48] [ERROR] [ERRNO is 3003] func readn() err, peer closed [src/TcpSocket.cpp] [175]
[2020.12.09 20:43:49] [ERROR] [ERRNO is 3002] func readtimeout() timeout [src/TcpSocket.cpp] [153]
[2020.12.09 20:51:24] [ERROR] [ERRNO is 3002] func readtimeout() timeout [src/TcpSocket.cpp] [153]
[2020.12.10 12:45:15] [ERROR] [ERRNO is 3002] func readtimeout() timeout [src/TcpSocket.cpp] [153]
[2020.12.10 12:46:59] [ERROR] [ERRNO is 3002] func readtimeout() timeout [src/TcpSocket.cpp] [153]
[2020.12.10 12:48:21] [ERROR] [ERRNO is 3002] func readtimeout() timeout [src/TcpSocket.cpp] [153]
[2020.12.10 12:48:35] [ERROR] [ERRNO is 3002] func readtimeout() timeout [src/TcpSocket.cpp] [153]
[2020.12.10 12:54:42] [ERROR] [ERRNO is 3002] func readtimeout() timeout [src/TcpSocket.cpp] [153]
[2020.12.10 12:55:10] [ERROR] [ERRNO is 3002] func readtimeout() timeout [src/TcpSocket.cpp] [153]
[2020.12.10 12:55:26] [ERROR] [ERRNO is 3002] func readtimeout() timeout [src/TcpSocket.cpp] [153]
[2020.12.10 13:02:11] [ERROR] [ERRNO is -1] func readn() err [src/TcpSocket.cpp] [168]
[2020.12.10 18:17:45] [ERROR] [ERRNO is 3002] func readtimeout() timeout [src/TcpSocket.cpp] [153]
[2020.12.10 18:21:55] [ERROR] [ERRNO is 3002] func readtimeout() timeout [src/TcpSocket.cpp] [153]
[2020.12.10 18:22:14] [ERROR] [ERRNO is 3002] func readtimeout() timeout [src/TcpSocket.cpp] [153]
[2020.12.10 18:30:38] [ERROR] [ERRNO is 3002] func readtimeout() timeout [src/TcpSocket.cpp] [153]
[2020.12.10 18:30:54] [ERROR] [ERRNO is 3002] func readtimeout() timeout [src/TcpSocket.cpp] [153]
[2020.12.15 20:07:26] [ERROR] [ERRNO is -1] func connect_timeout() err [src/TcpSocket.cpp] [66]
[2020.12.15 20:35:51] [ERROR] [ERRNO is -1] func connect_timeout() err [src/TcpSocket.cpp] [66]
[2020.12.16 12:32:44] [ERROR] [ERRNO is -1] func readn() err [src/TcpSocket.cpp] [168]
[2020.12.16 12:32:49] [ERROR] [ERRNO is -1] func connect_timeout() err [src/TcpSocket.cpp] [66]
[2020.12.16 12:38:31] [ERROR] [ERRNO is 3003] func readn() err, peer closed [src/TcpSocket.cpp] [175]
[2020.12.16 12:39:03] [ERROR] [ERRNO is -1] func connect_timeout() err [src/TcpSocket.cpp] [66]
[2020.12.16 12:40:07] [ERROR] [ERRNO is -1] func connect_timeout() err [src/TcpSocket.cpp] [66]
[2021.01.17 15:48:43] [ERROR] [ERRNO is 3003] func readn() err, peer closed [src/TcpSocket.cpp] [175]
[2021.02.16 22:50:24] [ERROR] [ERRNO is -1] func connect_timeout() err [src/TcpSocket.cpp] [66]
[2021.02.28 14:04:11] [ERROR] [ERRNO is -1] func connect_timeout() err [src/TcpSocket.cpp] [66]
