[2020.12.09 19:56:01] [ERROR] [ERRNO is 3003] func readn() err, peer closed [src/TcpSocket.cpp] [175]
[2020.12.09 20:08:43] [ERROR] [ERRNO is 3003] func readn() err, peer closed [src/TcpSocket.cpp] [175]
[2020.12.09 20:22:01] [ERROR] [ERRNO is 3003] func readn() err, peer closed [src/TcpSocket.cpp] [175]
[2020.12.09 20:27:18] [ERROR] [ERRNO is 3003] func readn() err, peer closed [src/TcpSocket.cpp] [175]
[2020.12.09 20:28:38] [ERROR] [ERRNO is 3003] func readn() err, peer closed [src/TcpSocket.cpp] [175]
[2021.01.17 15:48:43] [ERROR] [ERRNO is 203] func DER_ItAsn1_Low_IntToChar() err != NoErr [src/BaseASN1.cpp] [502]
[2021.01.17 20:50:10] [ERROR] [ERRNO is 3004] malloc() err [src/TcpSocket.cpp] [185]
[2021.01.17 20:50:10] [ERROR] [ERRNO is 3004] malloc() err [src/TcpSocket.cpp] [185]
[2021.02.10 03:03:23] [ERROR] [ERRNO is -1] func readn() err [src/TcpSocket.cpp] [168]
[2021.02.10 03:03:23] [ERROR] [ERRNO is -1] readn() err [src/TcpSocket.cpp] [194]
[2021.02.10 03:03:24] [ERROR] [ERRNO is 3004] malloc() err [src/TcpSocket.cpp] [185]
[2021.02.10 03:03:25] [ERROR] [ERRNO is -1] func readn() err [src/TcpSocket.cpp] [168]
[2021.02.10 06:31:35] [ERROR] [ERRNO is 3004] malloc() err [src/TcpSocket.cpp] [185]
[2021.02.10 06:31:35] [ERROR] [ERRNO is -1] func readn() err [src/TcpSocket.cpp] [168]
[2021.02.10 06:31:36] [ERROR] [ERRNO is -1] readn() err [src/TcpSocket.cpp] [194]
[2021.02.10 14:50:04] [ERROR] [ERRNO is -1] readn() err [src/TcpSocket.cpp] [194]
[2021.02.10 15:37:09] [ERROR] [ERRNO is -1] readn() err [src/TcpSocket.cpp] [194]
[2021.02.10 16:46:58] [ERROR] [ERRNO is 3004] malloc() err [src/TcpSocket.cpp] [185]
[2021.02.10 16:46:59] [ERROR] [ERRNO is -1] func readn() err [src/TcpSocket.cpp] [168]
[2021.02.10 16:46:59] [ERROR] [ERRNO is -1] readn() err [src/TcpSocket.cpp] [194]
[2021.02.10 17:20:06] [ERROR] [ERRNO is -1] readn() err [src/TcpSocket.cpp] [194]
[2021.02.10 18:01:28] [ERROR] [ERRNO is -1] readn() err [src/TcpSocket.cpp] [194]
[2021.02.10 18:51:17] [ERROR] [ERRNO is -1] readn() err [src/TcpSocket.cpp] [194]
[2021.02.10 19:04:33] [ERROR] [ERRNO is -1] readn() err [src/TcpSocket.cpp] [194]
[2021.02.10 22:24:51] [ERROR] [ERRNO is -1] readn() err [src/TcpSocket.cpp] [194]
[2021.02.10 23:25:23] [ERROR] [ERRNO is -1] readn() err [src/TcpSocket.cpp] [194]
[2021.02.10 23:25:23] [ERROR] [ERRNO is -1] readn() err [src/TcpSocket.cpp] [194]
[2021.02.10 23:25:23] [ERROR] [ERRNO is 3004] malloc() err [src/TcpSocket.cpp] [185]
[2021.02.10 23:25:23] [ERROR] [ERRNO is -1] readn() err [src/TcpSocket.cpp] [194]
[2021.02.10 23:25:23] [ERROR] [ERRNO is -1] readn() err [src/TcpSocket.cpp] [194]
[2021.02.10 23:25:23] [ERROR] [ERRNO is -1] func readn() err [src/TcpSocket.cpp] [168]
[2021.02.10 23:25:23] [ERROR] [ERRNO is -1] func readn() err [src/TcpSocket.cpp] [168]
[2021.02.10 23:25:23] [ERROR] [ERRNO is -1] readn() err [src/TcpSocket.cpp] [194]
[2021.02.10 23:25:23] [ERROR] [ERRNO is -1] readn() err [src/TcpSocket.cpp] [194]
[2021.02.10 23:25:23] [ERROR] [ERRNO is 3004] malloc() err [src/TcpSocket.cpp] [185]
[2021.02.10 23:25:23] [ERROR] [ERRNO is -1] readn() err [src/TcpSocket.cpp] [194]
[2021.02.10 23:25:23] [ERROR] [ERRNO is 3004] malloc() err [src/TcpSocket.cpp] [185]
[2021.02.10 23:25:23] [ERROR] [ERRNO is 3004] malloc() err [src/TcpSocket.cpp] [185]
[2021.02.10 23:25:23] [ERROR] [ERRNO is 204] check pTagValue != ITCAST_DER_ID_SEQUENCE err [src/BaseASN1.cpp] [899]
[2021.02.26 02:24:15] [ERROR] [ERRNO is -1] readn() err [src/TcpSocket.cpp] [194]
